[2026-01-16T08:16:02.932Z] [ALERT] {
  "level": "info",
  "message": "Server started successfully",
  "details": {
    "port": 5000
  },
  "timestamp": "2026-01-16T08:16:02.932Z"
}
[2026-01-16T08:24:00.103Z] [ALERT] {
  "level": "info",
  "message": "Server started successfully",
  "details": {
    "port": 5000
  },
  "timestamp": "2026-01-16T08:24:00.103Z"
}
[2026-01-16T08:24:02.391Z] [ALERT] {
  "level": "info",
  "message": "Server started successfully",
  "details": {
    "port": 5000
  },
  "timestamp": "2026-01-16T08:24:02.391Z"
}
[2026-01-16T08:37:42.654Z] [ALERT] {
  "level": "info",
  "message": "Server started successfully",
  "details": {
    "port": 5000
  },
  "timestamp": "2026-01-16T08:37:42.654Z"
}
[2026-01-16T08:40:19.712Z] [ALERT] {
  "level": "info",
  "message": "Server started successfully",
  "details": {
    "port": 5000
  },
  "timestamp": "2026-01-16T08:40:19.712Z"
}
[2026-01-16T08:45:48.213Z] [ALERT] {
  "level": "info",
  "message": "Server started successfully",
  "details": {
    "port": 5000
  },
  "timestamp": "2026-01-16T08:45:48.213Z"
}
[2026-01-16T08:47:22.186Z] [ALERT] {
  "level": "info",
  "message": "Server started successfully",
  "details": {
    "port": 5000
  },
  "timestamp": "2026-01-16T08:47:22.186Z"
}
[2026-01-16T08:55:59.178Z] [ALERT] {
  "level": "info",
  "message": "Server started successfully",
  "details": {
    "port": 5000
  },
  "timestamp": "2026-01-16T08:55:59.178Z"
}
[2026-01-16T08:58:50.517Z] [ALERT] {
  "level": "info",
  "message": "Server started successfully",
  "details": {
    "port": 5000
  },
  "timestamp": "2026-01-16T08:58:50.517Z"
}
[2026-01-16T09:03:52.287Z] [ALERT] {
  "level": "info",
  "message": "Server started successfully",
  "details": {
    "port": 5000
  },
  "timestamp": "2026-01-16T09:03:52.287Z"
}
[2026-01-16T09:06:48.203Z] [ALERT] {
  "level": "info",
  "message": "Server started successfully",
  "details": {
    "port": 5000
  },
  "timestamp": "2026-01-16T09:06:48.203Z"
}
[2026-01-16T09:19:53.421Z] [ALERT] {
  "level": "info",
  "message": "Server started successfully",
  "details": {
    "port": 5000
  },
  "timestamp": "2026-01-16T09:19:53.421Z"
}
